2022-08-30 12:11:43.999  INFO 22636 --- [main] c.e.personapp.PersonAppApplication       : Starting PersonAppApplication using Java 17.0.2 on DESKTOP-L4TEEFJ with PID 22636 (D:\Ilga\HomeTasks\target\classes started by ILGA in D:\Ilga\HomeTasks)
2022-08-30 12:11:44.013  INFO 22636 --- [main] c.e.personapp.PersonAppApplication       : No active profile set, falling back to 1 default profile: "default"
2022-08-30 12:11:44.704  INFO 22636 --- [main] .s.d.r.c.RepositoryConfigurationDelegate : Bootstrapping Spring Data JPA repositories in DEFAULT mode.
2022-08-30 12:11:44.762  INFO 22636 --- [main] .s.d.r.c.RepositoryConfigurationDelegate : Finished Spring Data repository scanning in 47 ms. Found 1 JPA repository interfaces.
2022-08-30 12:11:45.325  INFO 22636 --- [main] o.s.b.w.embedded.tomcat.TomcatWebServer  : Tomcat initialized with port(s): 8080 (http)
2022-08-30 12:11:45.337  INFO 22636 --- [main] o.apache.catalina.core.StandardService   : Starting service [Tomcat]
2022-08-30 12:11:45.337  INFO 22636 --- [main] org.apache.catalina.core.StandardEngine  : Starting Servlet engine: [Apache Tomcat/9.0.65]
2022-08-30 12:11:45.466  INFO 22636 --- [main] o.a.c.c.C.[Tomcat].[localhost].[/]       : Initializing Spring embedded WebApplicationContext
2022-08-30 12:11:45.467  INFO 22636 --- [main] w.s.c.ServletWebServerApplicationContext : Root WebApplicationContext: initialization completed in 1379 ms
2022-08-30 12:11:45.494  INFO 22636 --- [main] com.zaxxer.hikari.HikariDataSource       : HikariPool-1 - Starting...
2022-08-30 12:11:45.656  INFO 22636 --- [main] com.zaxxer.hikari.HikariDataSource       : HikariPool-1 - Start completed.
2022-08-30 12:11:45.667  INFO 22636 --- [main] o.s.b.a.h2.H2ConsoleAutoConfiguration    : H2 console available at '/h2-console'. Database available at 'jdbc:h2:mem:mydb'
2022-08-30 12:11:45.955  INFO 22636 --- [main] liquibase.database                       : Set default schema name to PUBLIC
2022-08-30 12:11:46.151  INFO 22636 --- [main] liquibase.lockservice                    : Successfully acquired change log lock
2022-08-30 12:11:46.370  INFO 22636 --- [main] liquibase.changelog                      : Creating database history table with name: PUBLIC.DATABASECHANGELOG
2022-08-30 12:11:46.376  INFO 22636 --- [main] liquibase.changelog                      : Reading from PUBLIC.DATABASECHANGELOG
2022-08-30 12:11:46.462  INFO 22636 --- [main] liquibase.changelog                      : Custom SQL executed
2022-08-30 12:11:46.463  INFO 22636 --- [main] liquibase.changelog                      : ChangeSet db/changelog/changes/create-table-person.sql::1::ilga ran successfully in 20ms
2022-08-30 12:11:46.487  INFO 22636 --- [main] liquibase.changelog                      : Custom SQL executed
2022-08-30 12:11:46.488  INFO 22636 --- [main] liquibase.changelog                      : ChangeSet db/changelog/changes/create-table-person.sql::2::ilga ran successfully in 6ms
2022-08-30 12:11:46.491  INFO 22636 --- [main] liquibase.lockservice                    : Successfully released change log lock
2022-08-30 12:11:46.608  INFO 22636 --- [main] o.hibernate.jpa.internal.util.LogHelper  : HHH000204: Processing PersistenceUnitInfo [name: default]
2022-08-30 12:11:46.675  INFO 22636 --- [main] org.hibernate.Version                    : HHH000412: Hibernate ORM core version 5.6.10.Final
2022-08-30 12:11:46.837  INFO 22636 --- [main] o.hibernate.annotations.common.Version   : HCANN000001: Hibernate Commons Annotations {5.1.2.Final}
2022-08-30 12:11:46.956  INFO 22636 --- [main] org.hibernate.dialect.Dialect            : HHH000400: Using dialect: org.hibernate.dialect.H2Dialect
2022-08-30 12:11:47.422  INFO 22636 --- [main] o.h.e.t.j.p.i.JtaPlatformInitiator       : HHH000490: Using JtaPlatform implementation: [org.hibernate.engine.transaction.jta.platform.internal.NoJtaPlatform]
2022-08-30 12:11:47.432  INFO 22636 --- [main] j.LocalContainerEntityManagerFactoryBean : Initialized JPA EntityManagerFactory for persistence unit 'default'
2022-08-30 12:11:47.777  WARN 22636 --- [main] JpaBaseConfiguration$JpaWebConfiguration : spring.jpa.open-in-view is enabled by default. Therefore, database queries may be performed during view rendering. Explicitly configure spring.jpa.open-in-view to disable this warning
2022-08-30 12:11:48.142  INFO 22636 --- [main] o.s.b.w.embedded.tomcat.TomcatWebServer  : Tomcat started on port(s): 8080 (http) with context path ''
2022-08-30 12:11:48.156  INFO 22636 --- [main] c.e.personapp.PersonAppApplication       : Started PersonAppApplication in 4.709 seconds (JVM running for 5.686)
2022-08-30 12:16:25.973  INFO 22636 --- [http-nio-8080-exec-2] o.a.c.c.C.[Tomcat].[localhost].[/]       : Initializing Spring DispatcherServlet 'dispatcherServlet'
2022-08-30 12:16:25.974  INFO 22636 --- [http-nio-8080-exec-2] o.s.web.servlet.DispatcherServlet        : Initializing Servlet 'dispatcherServlet'
2022-08-30 12:16:25.975  INFO 22636 --- [http-nio-8080-exec-2] o.s.web.servlet.DispatcherServlet        : Completed initialization in 1 ms
2022-08-30 12:27:10.713  INFO 22636 --- [http-nio-8080-exec-4] o.apache.coyote.http11.Http11Processor   : Error parsing HTTP request header
 Note: further occurrences of HTTP request parsing errors will be logged at DEBUG level.

java.lang.IllegalArgumentException: Invalid character found in method name [0x160x030x010x00{0x010x000x00w0x030x030xc30xfedI0xa20x880xde0xbeX0x987Q0xa9.0xd20x190x1e6l20x9f0x8c(F0xb90xc30xd1Z0x8c0xccQ0xdf0x000x000x1a0xc0/0xc0+0xc00x110xc00x070xc00x130xc00x090xc00x140xc00x0a0x000x050x00/0x0050xc00x120x000x0a0x010x000x0040x000x050x000x050x010x000x000x000x000x000x0a0x000x080x000x060x000x170x000x180x000x190x000x0b0x000x020x010x000x000x0d0x000x100x000x0e0x040x010x040x030x020x010x020x030x040x010x050x010x060x010xff0x010x000x010x00...]. HTTP method names must be tokens
	at org.apache.coyote.http11.Http11InputBuffer.parseRequestLine(Http11InputBuffer.java:419) ~[tomcat-embed-core-9.0.65.jar:9.0.65]
	at org.apache.coyote.http11.Http11Processor.service(Http11Processor.java:271) ~[tomcat-embed-core-9.0.65.jar:9.0.65]
	at org.apache.coyote.AbstractProcessorLight.process(AbstractProcessorLight.java:65) ~[tomcat-embed-core-9.0.65.jar:9.0.65]
	at org.apache.coyote.AbstractProtocol$ConnectionHandler.process(AbstractProtocol.java:890) ~[tomcat-embed-core-9.0.65.jar:9.0.65]
	at org.apache.tomcat.util.net.NioEndpoint$SocketProcessor.doRun(NioEndpoint.java:1789) ~[tomcat-embed-core-9.0.65.jar:9.0.65]
	at org.apache.tomcat.util.net.SocketProcessorBase.run(SocketProcessorBase.java:49) ~[tomcat-embed-core-9.0.65.jar:9.0.65]
	at org.apache.tomcat.util.threads.ThreadPoolExecutor.runWorker(ThreadPoolExecutor.java:1191) ~[tomcat-embed-core-9.0.65.jar:9.0.65]
	at org.apache.tomcat.util.threads.ThreadPoolExecutor$Worker.run(ThreadPoolExecutor.java:659) ~[tomcat-embed-core-9.0.65.jar:9.0.65]
	at org.apache.tomcat.util.threads.TaskThread$WrappingRunnable.run(TaskThread.java:61) ~[tomcat-embed-core-9.0.65.jar:9.0.65]
	at java.base/java.lang.Thread.run(Thread.java:833) ~[na:na]

2022-08-30 12:57:04.972  WARN 22636 --- [http-nio-8080-exec-10] .w.s.m.s.DefaultHandlerExceptionResolver : Resolved [org.springframework.web.bind.MissingServletRequestParameterException: Required request parameter 'dateOfBirth' for method parameter type LocalDate is present but converted to null]
2022-08-30 12:57:10.588  WARN 22636 --- [http-nio-8080-exec-8] .w.s.m.s.DefaultHandlerExceptionResolver : Resolved [org.springframework.web.bind.MissingServletRequestParameterException: Required request parameter 'dateOfBirth' for method parameter type LocalDate is present but converted to null]
2022-08-30 12:57:12.701  WARN 22636 --- [http-nio-8080-exec-6] .w.s.m.s.DefaultHandlerExceptionResolver : Resolved [org.springframework.web.bind.MissingServletRequestParameterException: Required request parameter 'dateOfBirth' for method parameter type LocalDate is present but converted to null]
2022-08-30 12:57:17.116  WARN 22636 --- [http-nio-8080-exec-9] .w.s.m.s.DefaultHandlerExceptionResolver : Resolved [org.springframework.web.bind.MissingServletRequestParameterException: Required request parameter 'dateOfBirth' for method parameter type LocalDate is present but converted to null]
2022-08-30 12:57:43.779  WARN 22636 --- [http-nio-8080-exec-10] .w.s.m.s.DefaultHandlerExceptionResolver : Resolved [org.springframework.web.bind.MissingServletRequestParameterException: Required request parameter 'dateOfBirth' for method parameter type LocalDate is present but converted to null]
2022-08-30 12:58:11.997  WARN 22636 --- [http-nio-8080-exec-8] .w.s.m.s.DefaultHandlerExceptionResolver : Resolved [org.springframework.web.bind.MissingServletRequestParameterException: Required request parameter 'dateOfBirth' for method parameter type LocalDate is present but converted to null]
2022-08-30 12:58:17.075  WARN 22636 --- [http-nio-8080-exec-6] .w.s.m.s.DefaultHandlerExceptionResolver : Resolved [org.springframework.web.bind.MissingServletRequestParameterException: Required request parameter 'dateOfBirth' for method parameter type LocalDate is present but converted to null]
2022-08-30 12:58:35.557  WARN 22636 --- [http-nio-8080-exec-9] .w.s.m.s.DefaultHandlerExceptionResolver : Resolved [org.springframework.web.bind.MissingServletRequestParameterException: Required request parameter 'dateOfBirth' for method parameter type LocalDate is present but converted to null]
2022-08-30 12:59:16.891  WARN 22636 --- [http-nio-8080-exec-1] .w.s.m.s.DefaultHandlerExceptionResolver : Resolved [org.springframework.web.bind.MissingServletRequestParameterException: Required request parameter 'dateOfBirth' for method parameter type LocalDate is present but converted to null]
2022-08-30 12:59:28.580  WARN 22636 --- [http-nio-8080-exec-2] .w.s.m.s.DefaultHandlerExceptionResolver : Resolved [org.springframework.web.bind.MissingServletRequestParameterException: Required request parameter 'dateOfBirth' for method parameter type LocalDate is present but converted to null]
2022-08-30 12:59:29.923  WARN 22636 --- [http-nio-8080-exec-3] .w.s.m.s.DefaultHandlerExceptionResolver : Resolved [org.springframework.web.bind.MissingServletRequestParameterException: Required request parameter 'dateOfBirth' for method parameter type LocalDate is present but converted to null]
2022-08-30 12:59:31.211  WARN 22636 --- [http-nio-8080-exec-4] .w.s.m.s.DefaultHandlerExceptionResolver : Resolved [org.springframework.web.bind.MissingServletRequestParameterException: Required request parameter 'dateOfBirth' for method parameter type LocalDate is present but converted to null]
2022-08-30 12:59:35.619  WARN 22636 --- [http-nio-8080-exec-5] .w.s.m.s.DefaultHandlerExceptionResolver : Resolved [org.springframework.web.bind.MissingServletRequestParameterException: Required request parameter 'dateOfBirth' for method parameter type LocalDate is present but converted to null]
2022-08-30 12:59:41.083  WARN 22636 --- [http-nio-8080-exec-7] .w.s.m.s.DefaultHandlerExceptionResolver : Resolved [org.springframework.web.bind.MissingServletRequestParameterException: Required request parameter 'dateOfBirth' for method parameter type LocalDate is present but converted to null]
2022-08-30 13:01:09.074  WARN 22636 --- [http-nio-8080-exec-10] .w.s.m.s.DefaultHandlerExceptionResolver : Resolved [org.springframework.web.bind.MissingServletRequestParameterException: Required request parameter 'dateOfBirth' for method parameter type LocalDate is present but converted to null]
2022-08-30 13:01:19.186  WARN 22636 --- [http-nio-8080-exec-8] .w.s.m.s.DefaultHandlerExceptionResolver : Resolved [org.springframework.web.bind.MissingServletRequestParameterException: Required request parameter 'dateOfBirth' for method parameter type LocalDate is present but converted to null]
2022-08-30 13:01:31.770  WARN 22636 --- [http-nio-8080-exec-6] .w.s.m.s.DefaultHandlerExceptionResolver : Resolved [org.springframework.web.bind.MissingServletRequestParameterException: Required request parameter 'dateOfBirth' for method parameter type LocalDate is present but converted to null]
2022-08-30 13:01:37.618  WARN 22636 --- [http-nio-8080-exec-9] .w.s.m.s.DefaultHandlerExceptionResolver : Resolved [org.springframework.web.bind.MissingServletRequestParameterException: Required request parameter 'dateOfBirth' for method parameter type LocalDate is present but converted to null]
2022-08-30 13:06:23.602  WARN 22636 --- [http-nio-8080-exec-3] .w.s.m.s.DefaultHandlerExceptionResolver : Resolved [org.springframework.web.method.annotation.MethodArgumentTypeMismatchException: Failed to convert value of type 'java.lang.String' to required type 'java.time.LocalDate'; nested exception is org.springframework.core.convert.ConversionFailedException: Failed to convert from type [java.lang.String] to type [@org.springframework.web.bind.annotation.RequestParam @org.springframework.format.annotation.DateTimeFormat java.time.LocalDate] for value 'undefined'; nested exception is java.lang.IllegalArgumentException: Parse attempt failed for value [undefined]]
2022-08-30 13:06:25.817  WARN 22636 --- [http-nio-8080-exec-4] .w.s.m.s.DefaultHandlerExceptionResolver : Resolved [org.springframework.web.method.annotation.MethodArgumentTypeMismatchException: Failed to convert value of type 'java.lang.String' to required type 'java.time.LocalDate'; nested exception is org.springframework.core.convert.ConversionFailedException: Failed to convert from type [java.lang.String] to type [@org.springframework.web.bind.annotation.RequestParam @org.springframework.format.annotation.DateTimeFormat java.time.LocalDate] for value 'undefined'; nested exception is java.lang.IllegalArgumentException: Parse attempt failed for value [undefined]]
2022-08-30 13:07:45.739  WARN 22636 --- [http-nio-8080-exec-5] .w.s.m.s.DefaultHandlerExceptionResolver : Resolved [org.springframework.web.method.annotation.MethodArgumentTypeMismatchException: Failed to convert value of type 'java.lang.String' to required type 'java.time.LocalDate'; nested exception is org.springframework.core.convert.ConversionFailedException: Failed to convert from type [java.lang.String] to type [@org.springframework.web.bind.annotation.RequestParam @org.springframework.format.annotation.DateTimeFormat java.time.LocalDate] for value 'undefined'; nested exception is java.lang.IllegalArgumentException: Parse attempt failed for value [undefined]]
2022-08-30 13:07:48.800  WARN 22636 --- [http-nio-8080-exec-7] .w.s.m.s.DefaultHandlerExceptionResolver : Resolved [org.springframework.web.method.annotation.MethodArgumentTypeMismatchException: Failed to convert value of type 'java.lang.String' to required type 'java.time.LocalDate'; nested exception is org.springframework.core.convert.ConversionFailedException: Failed to convert from type [java.lang.String] to type [@org.springframework.web.bind.annotation.RequestParam @org.springframework.format.annotation.DateTimeFormat java.time.LocalDate] for value 'undefined'; nested exception is java.lang.IllegalArgumentException: Parse attempt failed for value [undefined]]
2022-08-30 13:07:51.305  WARN 22636 --- [http-nio-8080-exec-10] .w.s.m.s.DefaultHandlerExceptionResolver : Resolved [org.springframework.web.method.annotation.MethodArgumentTypeMismatchException: Failed to convert value of type 'java.lang.String' to required type 'java.time.LocalDate'; nested exception is org.springframework.core.convert.ConversionFailedException: Failed to convert from type [java.lang.String] to type [@org.springframework.web.bind.annotation.RequestParam @org.springframework.format.annotation.DateTimeFormat java.time.LocalDate] for value 'undefined'; nested exception is java.lang.IllegalArgumentException: Parse attempt failed for value [undefined]]
2022-08-30 13:09:28.618  WARN 22636 --- [http-nio-8080-exec-8] .w.s.m.s.DefaultHandlerExceptionResolver : Resolved [org.springframework.web.method.annotation.MethodArgumentTypeMismatchException: Failed to convert value of type 'java.lang.String' to required type 'java.time.LocalDate'; nested exception is org.springframework.core.convert.ConversionFailedException: Failed to convert from type [java.lang.String] to type [@org.springframework.web.bind.annotation.RequestParam @org.springframework.format.annotation.DateTimeFormat java.time.LocalDate] for value 'undefined'; nested exception is java.lang.IllegalArgumentException: Parse attempt failed for value [undefined]]
2022-08-30 13:09:31.751  WARN 22636 --- [http-nio-8080-exec-6] .w.s.m.s.DefaultHandlerExceptionResolver : Resolved [org.springframework.web.method.annotation.MethodArgumentTypeMismatchException: Failed to convert value of type 'java.lang.String' to required type 'java.time.LocalDate'; nested exception is org.springframework.core.convert.ConversionFailedException: Failed to convert from type [java.lang.String] to type [@org.springframework.web.bind.annotation.RequestParam @org.springframework.format.annotation.DateTimeFormat java.time.LocalDate] for value 'undefined'; nested exception is java.lang.IllegalArgumentException: Parse attempt failed for value [undefined]]
2022-08-30 13:09:34.727  WARN 22636 --- [http-nio-8080-exec-9] .w.s.m.s.DefaultHandlerExceptionResolver : Resolved [org.springframework.web.method.annotation.MethodArgumentTypeMismatchException: Failed to convert value of type 'java.lang.String' to required type 'java.time.LocalDate'; nested exception is org.springframework.core.convert.ConversionFailedException: Failed to convert from type [java.lang.String] to type [@org.springframework.web.bind.annotation.RequestParam @org.springframework.format.annotation.DateTimeFormat java.time.LocalDate] for value 'undefined'; nested exception is java.lang.IllegalArgumentException: Parse attempt failed for value [undefined]]
2022-08-30 13:09:35.774  WARN 22636 --- [http-nio-8080-exec-1] .w.s.m.s.DefaultHandlerExceptionResolver : Resolved [org.springframework.web.method.annotation.MethodArgumentTypeMismatchException: Failed to convert value of type 'java.lang.String' to required type 'java.time.LocalDate'; nested exception is org.springframework.core.convert.ConversionFailedException: Failed to convert from type [java.lang.String] to type [@org.springframework.web.bind.annotation.RequestParam @org.springframework.format.annotation.DateTimeFormat java.time.LocalDate] for value 'undefined'; nested exception is java.lang.IllegalArgumentException: Parse attempt failed for value [undefined]]
2022-08-30 13:09:37.126  WARN 22636 --- [http-nio-8080-exec-2] .w.s.m.s.DefaultHandlerExceptionResolver : Resolved [org.springframework.web.method.annotation.MethodArgumentTypeMismatchException: Failed to convert value of type 'java.lang.String' to required type 'java.time.LocalDate'; nested exception is org.springframework.core.convert.ConversionFailedException: Failed to convert from type [java.lang.String] to type [@org.springframework.web.bind.annotation.RequestParam @org.springframework.format.annotation.DateTimeFormat java.time.LocalDate] for value 'undefined'; nested exception is java.lang.IllegalArgumentException: Parse attempt failed for value [undefined]]
2022-08-30 13:14:49.838  WARN 22636 --- [http-nio-8080-exec-3] .w.s.m.s.DefaultHandlerExceptionResolver : Resolved [org.springframework.web.method.annotation.MethodArgumentTypeMismatchException: Failed to convert value of type 'java.lang.String' to required type 'java.time.LocalDate'; nested exception is org.springframework.core.convert.ConversionFailedException: Failed to convert from type [java.lang.String] to type [@org.springframework.web.bind.annotation.RequestParam @org.springframework.format.annotation.DateTimeFormat java.time.LocalDate] for value 'undefined'; nested exception is java.lang.IllegalArgumentException: Parse attempt failed for value [undefined]]
2022-08-30 13:14:53.716  WARN 22636 --- [http-nio-8080-exec-4] .w.s.m.s.DefaultHandlerExceptionResolver : Resolved [org.springframework.web.method.annotation.MethodArgumentTypeMismatchException: Failed to convert value of type 'java.lang.String' to required type 'java.time.LocalDate'; nested exception is org.springframework.core.convert.ConversionFailedException: Failed to convert from type [java.lang.String] to type [@org.springframework.web.bind.annotation.RequestParam @org.springframework.format.annotation.DateTimeFormat java.time.LocalDate] for value 'undefined'; nested exception is java.lang.IllegalArgumentException: Parse attempt failed for value [undefined]]
2022-08-30 13:20:54.566  WARN 22636 --- [http-nio-8080-exec-5] .w.s.m.s.DefaultHandlerExceptionResolver : Resolved [org.springframework.web.bind.MissingServletRequestParameterException: Required request parameter 'dateOfBirth' for method parameter type LocalDate is present but converted to null]
2022-08-30 13:21:49.068  WARN 22636 --- [http-nio-8080-exec-7] .w.s.m.s.DefaultHandlerExceptionResolver : Resolved [org.springframework.web.bind.MissingServletRequestParameterException: Required request parameter 'dateOfBirth' for method parameter type LocalDate is present but converted to null]
2022-08-30 13:21:57.743  WARN 22636 --- [http-nio-8080-exec-10] .w.s.m.s.DefaultHandlerExceptionResolver : Resolved [org.springframework.web.bind.MissingServletRequestParameterException: Required request parameter 'dateOfBirth' for method parameter type LocalDate is present but converted to null]
2022-08-30 13:23:05.340  INFO 22636 --- [http-nio-8080-exec-9] c.e.personapp.service.PersonService      : Person with personal ID: 852973-593341 and date of birth: 1988-09-13 was found! 
2022-08-30 13:31:24.382  INFO 22636 --- [SpringApplicationShutdownHook] j.LocalContainerEntityManagerFactoryBean : Closing JPA EntityManagerFactory for persistence unit 'default'
2022-08-30 13:31:24.386  INFO 22636 --- [SpringApplicationShutdownHook] com.zaxxer.hikari.HikariDataSource       : HikariPool-1 - Shutdown initiated...
2022-08-30 13:31:24.388  INFO 22636 --- [SpringApplicationShutdownHook] com.zaxxer.hikari.HikariDataSource       : HikariPool-1 - Shutdown completed.
2022-08-30 13:31:31.265  INFO 764 --- [main] c.e.personapp.PersonAppApplication       : Starting PersonAppApplication using Java 17.0.2 on DESKTOP-L4TEEFJ with PID 764 (D:\Ilga\HomeTasks\target\classes started by ILGA in D:\Ilga\HomeTasks)
2022-08-30 13:31:31.271  INFO 764 --- [main] c.e.personapp.PersonAppApplication       : No active profile set, falling back to 1 default profile: "default"
2022-08-30 13:31:31.893  INFO 764 --- [main] .s.d.r.c.RepositoryConfigurationDelegate : Bootstrapping Spring Data JPA repositories in DEFAULT mode.
2022-08-30 13:31:31.941  INFO 764 --- [main] .s.d.r.c.RepositoryConfigurationDelegate : Finished Spring Data repository scanning in 39 ms. Found 1 JPA repository interfaces.
2022-08-30 13:31:32.437  INFO 764 --- [main] o.s.b.w.embedded.tomcat.TomcatWebServer  : Tomcat initialized with port(s): 8080 (http)
2022-08-30 13:31:32.446  INFO 764 --- [main] o.apache.catalina.core.StandardService   : Starting service [Tomcat]
2022-08-30 13:31:32.446  INFO 764 --- [main] org.apache.catalina.core.StandardEngine  : Starting Servlet engine: [Apache Tomcat/9.0.65]
2022-08-30 13:31:32.576  INFO 764 --- [main] o.a.c.c.C.[Tomcat].[localhost].[/]       : Initializing Spring embedded WebApplicationContext
2022-08-30 13:31:32.577  INFO 764 --- [main] w.s.c.ServletWebServerApplicationContext : Root WebApplicationContext: initialization completed in 1250 ms
2022-08-30 13:31:32.606  INFO 764 --- [main] com.zaxxer.hikari.HikariDataSource       : HikariPool-1 - Starting...
2022-08-30 13:31:32.716  INFO 764 --- [main] com.zaxxer.hikari.HikariDataSource       : HikariPool-1 - Start completed.
2022-08-30 13:31:32.738  INFO 764 --- [main] o.s.b.a.h2.H2ConsoleAutoConfiguration    : H2 console available at '/h2-console'. Database available at 'jdbc:h2:mem:mydb'
2022-08-30 13:31:32.964  INFO 764 --- [main] liquibase.database                       : Set default schema name to PUBLIC
2022-08-30 13:31:33.118  INFO 764 --- [main] liquibase.lockservice                    : Successfully acquired change log lock
2022-08-30 13:31:33.278  INFO 764 --- [main] liquibase.changelog                      : Creating database history table with name: PUBLIC.DATABASECHANGELOG
2022-08-30 13:31:33.283  INFO 764 --- [main] liquibase.changelog                      : Reading from PUBLIC.DATABASECHANGELOG
2022-08-30 13:31:33.359  INFO 764 --- [main] liquibase.changelog                      : Custom SQL executed
2022-08-30 13:31:33.360  INFO 764 --- [main] liquibase.changelog                      : ChangeSet db/changelog/changes/create-table-person.sql::1::ilga ran successfully in 19ms
2022-08-30 13:31:33.387  INFO 764 --- [main] liquibase.changelog                      : Custom SQL executed
2022-08-30 13:31:33.387  INFO 764 --- [main] liquibase.changelog                      : ChangeSet db/changelog/changes/create-table-person.sql::2::ilga ran successfully in 5ms
2022-08-30 13:31:33.391  INFO 764 --- [main] liquibase.lockservice                    : Successfully released change log lock
2022-08-30 13:31:33.516  INFO 764 --- [main] o.hibernate.jpa.internal.util.LogHelper  : HHH000204: Processing PersistenceUnitInfo [name: default]
2022-08-30 13:31:33.560  INFO 764 --- [main] org.hibernate.Version                    : HHH000412: Hibernate ORM core version 5.6.10.Final
2022-08-30 13:31:33.699  INFO 764 --- [main] o.hibernate.annotations.common.Version   : HCANN000001: Hibernate Commons Annotations {5.1.2.Final}
2022-08-30 13:31:33.794  INFO 764 --- [main] org.hibernate.dialect.Dialect            : HHH000400: Using dialect: org.hibernate.dialect.H2Dialect
2022-08-30 13:31:34.208  INFO 764 --- [main] o.h.e.t.j.p.i.JtaPlatformInitiator       : HHH000490: Using JtaPlatform implementation: [org.hibernate.engine.transaction.jta.platform.internal.NoJtaPlatform]
2022-08-30 13:31:34.217  INFO 764 --- [main] j.LocalContainerEntityManagerFactoryBean : Initialized JPA EntityManagerFactory for persistence unit 'default'
2022-08-30 13:31:34.534  WARN 764 --- [main] JpaBaseConfiguration$JpaWebConfiguration : spring.jpa.open-in-view is enabled by default. Therefore, database queries may be performed during view rendering. Explicitly configure spring.jpa.open-in-view to disable this warning
2022-08-30 13:31:34.862  INFO 764 --- [main] o.s.b.w.embedded.tomcat.TomcatWebServer  : Tomcat started on port(s): 8080 (http) with context path ''
2022-08-30 13:31:34.874  INFO 764 --- [main] c.e.personapp.PersonAppApplication       : Started PersonAppApplication in 4.146 seconds (JVM running for 5.075)
2022-08-30 13:31:47.068  INFO 764 --- [http-nio-8080-exec-1] o.a.c.c.C.[Tomcat].[localhost].[/]       : Initializing Spring DispatcherServlet 'dispatcherServlet'
2022-08-30 13:31:47.069  INFO 764 --- [http-nio-8080-exec-1] o.s.web.servlet.DispatcherServlet        : Initializing Servlet 'dispatcherServlet'
2022-08-30 13:31:47.070  INFO 764 --- [http-nio-8080-exec-1] o.s.web.servlet.DispatcherServlet        : Completed initialization in 1 ms
2022-08-30 13:31:47.216  INFO 764 --- [http-nio-8080-exec-1] c.e.personapp.service.PersonService      : Person with personal ID: 852973-593341 and date of birth: 1988-09-13 was found! 
2022-08-30 13:32:13.368  WARN 764 --- [http-nio-8080-exec-2] .w.s.m.s.DefaultHandlerExceptionResolver : Resolved [org.springframework.web.method.annotation.MethodArgumentTypeMismatchException: Failed to convert value of type 'java.lang.String' to required type 'java.time.LocalDate'; nested exception is org.springframework.core.convert.ConversionFailedException: Failed to convert from type [java.lang.String] to type [@org.springframework.web.bind.annotation.RequestParam @org.springframework.format.annotation.DateTimeFormat java.time.LocalDate] for value '1988-09-1'; nested exception is java.lang.IllegalArgumentException: Parse attempt failed for value [1988-09-1]]
2022-08-30 13:32:14.871  WARN 764 --- [http-nio-8080-exec-3] .w.s.m.s.DefaultHandlerExceptionResolver : Resolved [org.springframework.web.method.annotation.MethodArgumentTypeMismatchException: Failed to convert value of type 'java.lang.String' to required type 'java.time.LocalDate'; nested exception is org.springframework.core.convert.ConversionFailedException: Failed to convert from type [java.lang.String] to type [@org.springframework.web.bind.annotation.RequestParam @org.springframework.format.annotation.DateTimeFormat java.time.LocalDate] for value '1988-09-1'; nested exception is java.lang.IllegalArgumentException: Parse attempt failed for value [1988-09-1]]
2022-08-30 13:32:25.316  INFO 764 --- [http-nio-8080-exec-4] c.e.personapp.service.PersonService      : Person with personal ID: 852973-593341 and date of birth: 1988-09-13 was found! 
2022-08-30 13:32:47.858  INFO 764 --- [http-nio-8080-exec-5] c.e.personapp.service.PersonService      : Person with personal ID: 852973-593341 and date of birth: 1988-09-13 was found! 
2022-08-30 13:33:08.314  INFO 764 --- [http-nio-8080-exec-6] c.e.personapp.service.PersonService      : Person with personal ID: 196209-564511 and date of birth: 1995-06-15 was found! 
2022-08-30 14:27:06.897  INFO 764 --- [http-nio-8080-exec-1] c.e.personapp.service.PersonService      : Person with personal ID: 196209-564511 and date of birth: 1995-06-15 was found! 
2022-08-30 14:27:11.185 ERROR 764 --- [http-nio-8080-exec-2] o.a.c.c.C.[.[.[/].[dispatcherServlet]    : Servlet.service() for servlet [dispatcherServlet] in context with path [] threw exception [Request processing failed; nested exception is java.lang.IllegalStateException: Person with personal: ID 196209-56451 and date of birth: 1995-06-15 was NOT found! ] with root cause

java.lang.IllegalStateException: Person with personal: ID 196209-56451 and date of birth: 1995-06-15 was NOT found! 
	at com.example.personapp.service.PersonService.lambda$getPerson$0(PersonService.java:35) ~[classes/:na]
	at java.base/java.util.Optional.orElseThrow(Optional.java:403) ~[na:na]
	at com.example.personapp.service.PersonService.getPerson(PersonService.java:35) ~[classes/:na]
	at com.example.personapp.controller.PersonController.getPerson(PersonController.java:22) ~[classes/:na]
	at java.base/jdk.internal.reflect.NativeMethodAccessorImpl.invoke0(Native Method) ~[na:na]
	at java.base/jdk.internal.reflect.NativeMethodAccessorImpl.invoke(NativeMethodAccessorImpl.java:77) ~[na:na]
	at java.base/jdk.internal.reflect.DelegatingMethodAccessorImpl.invoke(DelegatingMethodAccessorImpl.java:43) ~[na:na]
	at java.base/java.lang.reflect.Method.invoke(Method.java:568) ~[na:na]
	at org.springframework.web.method.support.InvocableHandlerMethod.doInvoke(InvocableHandlerMethod.java:205) ~[spring-web-5.3.22.jar:5.3.22]
	at org.springframework.web.method.support.InvocableHandlerMethod.invokeForRequest(InvocableHandlerMethod.java:150) ~[spring-web-5.3.22.jar:5.3.22]
	at org.springframework.web.servlet.mvc.method.annotation.ServletInvocableHandlerMethod.invokeAndHandle(ServletInvocableHandlerMethod.java:117) ~[spring-webmvc-5.3.22.jar:5.3.22]
	at org.springframework.web.servlet.mvc.method.annotation.RequestMappingHandlerAdapter.invokeHandlerMethod(RequestMappingHandlerAdapter.java:895) ~[spring-webmvc-5.3.22.jar:5.3.22]
	at org.springframework.web.servlet.mvc.method.annotation.RequestMappingHandlerAdapter.handleInternal(RequestMappingHandlerAdapter.java:808) ~[spring-webmvc-5.3.22.jar:5.3.22]
	at org.springframework.web.servlet.mvc.method.AbstractHandlerMethodAdapter.handle(AbstractHandlerMethodAdapter.java:87) ~[spring-webmvc-5.3.22.jar:5.3.22]
	at org.springframework.web.servlet.DispatcherServlet.doDispatch(DispatcherServlet.java:1070) ~[spring-webmvc-5.3.22.jar:5.3.22]
	at org.springframework.web.servlet.DispatcherServlet.doService(DispatcherServlet.java:963) ~[spring-webmvc-5.3.22.jar:5.3.22]
	at org.springframework.web.servlet.FrameworkServlet.processRequest(FrameworkServlet.java:1006) ~[spring-webmvc-5.3.22.jar:5.3.22]
	at org.springframework.web.servlet.FrameworkServlet.doGet(FrameworkServlet.java:898) ~[spring-webmvc-5.3.22.jar:5.3.22]
	at javax.servlet.http.HttpServlet.service(HttpServlet.java:655) ~[tomcat-embed-core-9.0.65.jar:4.0.FR]
	at org.springframework.web.servlet.FrameworkServlet.service(FrameworkServlet.java:883) ~[spring-webmvc-5.3.22.jar:5.3.22]
	at javax.servlet.http.HttpServlet.service(HttpServlet.java:764) ~[tomcat-embed-core-9.0.65.jar:4.0.FR]
	at org.apache.catalina.core.ApplicationFilterChain.internalDoFilter(ApplicationFilterChain.java:227) ~[tomcat-embed-core-9.0.65.jar:9.0.65]
	at org.apache.catalina.core.ApplicationFilterChain.doFilter(ApplicationFilterChain.java:162) ~[tomcat-embed-core-9.0.65.jar:9.0.65]
	at org.apache.tomcat.websocket.server.WsFilter.doFilter(WsFilter.java:53) ~[tomcat-embed-websocket-9.0.65.jar:9.0.65]
	at org.apache.catalina.core.ApplicationFilterChain.internalDoFilter(ApplicationFilterChain.java:189) ~[tomcat-embed-core-9.0.65.jar:9.0.65]
	at org.apache.catalina.core.ApplicationFilterChain.doFilter(ApplicationFilterChain.java:162) ~[tomcat-embed-core-9.0.65.jar:9.0.65]
	at org.springframework.web.filter.RequestContextFilter.doFilterInternal(RequestContextFilter.java:100) ~[spring-web-5.3.22.jar:5.3.22]
	at org.springframework.web.filter.OncePerRequestFilter.doFilter(OncePerRequestFilter.java:117) ~[spring-web-5.3.22.jar:5.3.22]
	at org.apache.catalina.core.ApplicationFilterChain.internalDoFilter(ApplicationFilterChain.java:189) ~[tomcat-embed-core-9.0.65.jar:9.0.65]
	at org.apache.catalina.core.ApplicationFilterChain.doFilter(ApplicationFilterChain.java:162) ~[tomcat-embed-core-9.0.65.jar:9.0.65]
	at org.springframework.web.filter.FormContentFilter.doFilterInternal(FormContentFilter.java:93) ~[spring-web-5.3.22.jar:5.3.22]
	at org.springframework.web.filter.OncePerRequestFilter.doFilter(OncePerRequestFilter.java:117) ~[spring-web-5.3.22.jar:5.3.22]
	at org.apache.catalina.core.ApplicationFilterChain.internalDoFilter(ApplicationFilterChain.java:189) ~[tomcat-embed-core-9.0.65.jar:9.0.65]
	at org.apache.catalina.core.ApplicationFilterChain.doFilter(ApplicationFilterChain.java:162) ~[tomcat-embed-core-9.0.65.jar:9.0.65]
	at org.springframework.web.filter.CharacterEncodingFilter.doFilterInternal(CharacterEncodingFilter.java:201) ~[spring-web-5.3.22.jar:5.3.22]
	at org.springframework.web.filter.OncePerRequestFilter.doFilter(OncePerRequestFilter.java:117) ~[spring-web-5.3.22.jar:5.3.22]
	at org.apache.catalina.core.ApplicationFilterChain.internalDoFilter(ApplicationFilterChain.java:189) ~[tomcat-embed-core-9.0.65.jar:9.0.65]
	at org.apache.catalina.core.ApplicationFilterChain.doFilter(ApplicationFilterChain.java:162) ~[tomcat-embed-core-9.0.65.jar:9.0.65]
	at org.apache.catalina.core.StandardWrapperValve.invoke(StandardWrapperValve.java:197) ~[tomcat-embed-core-9.0.65.jar:9.0.65]
	at org.apache.catalina.core.StandardContextValve.invoke(StandardContextValve.java:97) ~[tomcat-embed-core-9.0.65.jar:9.0.65]
	at org.apache.catalina.authenticator.AuthenticatorBase.invoke(AuthenticatorBase.java:541) ~[tomcat-embed-core-9.0.65.jar:9.0.65]
	at org.apache.catalina.core.StandardHostValve.invoke(StandardHostValve.java:135) ~[tomcat-embed-core-9.0.65.jar:9.0.65]
	at org.apache.catalina.valves.ErrorReportValve.invoke(ErrorReportValve.java:92) ~[tomcat-embed-core-9.0.65.jar:9.0.65]
	at org.apache.catalina.core.StandardEngineValve.invoke(StandardEngineValve.java:78) ~[tomcat-embed-core-9.0.65.jar:9.0.65]
	at org.apache.catalina.connector.CoyoteAdapter.service(CoyoteAdapter.java:360) ~[tomcat-embed-core-9.0.65.jar:9.0.65]
	at org.apache.coyote.http11.Http11Processor.service(Http11Processor.java:399) ~[tomcat-embed-core-9.0.65.jar:9.0.65]
	at org.apache.coyote.AbstractProcessorLight.process(AbstractProcessorLight.java:65) ~[tomcat-embed-core-9.0.65.jar:9.0.65]
	at org.apache.coyote.AbstractProtocol$ConnectionHandler.process(AbstractProtocol.java:890) ~[tomcat-embed-core-9.0.65.jar:9.0.65]
	at org.apache.tomcat.util.net.NioEndpoint$SocketProcessor.doRun(NioEndpoint.java:1789) ~[tomcat-embed-core-9.0.65.jar:9.0.65]
	at org.apache.tomcat.util.net.SocketProcessorBase.run(SocketProcessorBase.java:49) ~[tomcat-embed-core-9.0.65.jar:9.0.65]
	at org.apache.tomcat.util.threads.ThreadPoolExecutor.runWorker(ThreadPoolExecutor.java:1191) ~[tomcat-embed-core-9.0.65.jar:9.0.65]
	at org.apache.tomcat.util.threads.ThreadPoolExecutor$Worker.run(ThreadPoolExecutor.java:659) ~[tomcat-embed-core-9.0.65.jar:9.0.65]
	at org.apache.tomcat.util.threads.TaskThread$WrappingRunnable.run(TaskThread.java:61) ~[tomcat-embed-core-9.0.65.jar:9.0.65]
	at java.base/java.lang.Thread.run(Thread.java:833) ~[na:na]

2022-08-30 14:32:31.731  INFO 764 --- [SpringApplicationShutdownHook] j.LocalContainerEntityManagerFactoryBean : Closing JPA EntityManagerFactory for persistence unit 'default'
2022-08-30 14:32:31.739  INFO 764 --- [SpringApplicationShutdownHook] com.zaxxer.hikari.HikariDataSource       : HikariPool-1 - Shutdown initiated...
2022-08-30 14:32:31.745  INFO 764 --- [SpringApplicationShutdownHook] com.zaxxer.hikari.HikariDataSource       : HikariPool-1 - Shutdown completed.
2022-08-30 14:32:40.263  INFO 13920 --- [main] c.e.personapp.PersonAppApplication       : Starting PersonAppApplication using Java 17.0.2 on DESKTOP-L4TEEFJ with PID 13920 (D:\Ilga\HomeTasks\target\classes started by ILGA in D:\Ilga\HomeTasks)
2022-08-30 14:32:40.266  INFO 13920 --- [main] c.e.personapp.PersonAppApplication       : No active profile set, falling back to 1 default profile: "default"
2022-08-30 14:32:40.968  INFO 13920 --- [main] .s.d.r.c.RepositoryConfigurationDelegate : Bootstrapping Spring Data JPA repositories in DEFAULT mode.
2022-08-30 14:32:41.021  INFO 13920 --- [main] .s.d.r.c.RepositoryConfigurationDelegate : Finished Spring Data repository scanning in 43 ms. Found 1 JPA repository interfaces.
2022-08-30 14:32:41.568  INFO 13920 --- [main] o.s.b.w.embedded.tomcat.TomcatWebServer  : Tomcat initialized with port(s): 8080 (http)
2022-08-30 14:32:41.579  INFO 13920 --- [main] o.apache.catalina.core.StandardService   : Starting service [Tomcat]
2022-08-30 14:32:41.580  INFO 13920 --- [main] org.apache.catalina.core.StandardEngine  : Starting Servlet engine: [Apache Tomcat/9.0.65]
2022-08-30 14:32:41.712  INFO 13920 --- [main] o.a.c.c.C.[Tomcat].[localhost].[/]       : Initializing Spring embedded WebApplicationContext
2022-08-30 14:32:41.713  INFO 13920 --- [main] w.s.c.ServletWebServerApplicationContext : Root WebApplicationContext: initialization completed in 1382 ms
2022-08-30 14:32:41.739  INFO 13920 --- [main] com.zaxxer.hikari.HikariDataSource       : HikariPool-1 - Starting...
2022-08-30 14:32:41.853  INFO 13920 --- [main] com.zaxxer.hikari.HikariDataSource       : HikariPool-1 - Start completed.
2022-08-30 14:32:41.867  INFO 13920 --- [main] o.s.b.a.h2.H2ConsoleAutoConfiguration    : H2 console available at '/h2-console'. Database available at 'jdbc:h2:mem:mydb'
2022-08-30 14:32:42.116  INFO 13920 --- [main] liquibase.database                       : Set default schema name to PUBLIC
2022-08-30 14:32:42.284  INFO 13920 --- [main] liquibase.lockservice                    : Successfully acquired change log lock
2022-08-30 14:32:42.497  INFO 13920 --- [main] liquibase.changelog                      : Creating database history table with name: PUBLIC.DATABASECHANGELOG
2022-08-30 14:32:42.501  INFO 13920 --- [main] liquibase.changelog                      : Reading from PUBLIC.DATABASECHANGELOG
2022-08-30 14:32:42.586  INFO 13920 --- [main] liquibase.changelog                      : Custom SQL executed
2022-08-30 14:32:42.586  INFO 13920 --- [main] liquibase.changelog                      : ChangeSet db/changelog/changes/create-table-person.sql::1::ilga ran successfully in 22ms
2022-08-30 14:32:42.611  INFO 13920 --- [main] liquibase.changelog                      : Custom SQL executed
2022-08-30 14:32:42.612  INFO 13920 --- [main] liquibase.changelog                      : ChangeSet db/changelog/changes/create-table-person.sql::2::ilga ran successfully in 5ms
2022-08-30 14:32:42.615  INFO 13920 --- [main] liquibase.lockservice                    : Successfully released change log lock
2022-08-30 14:32:42.732  INFO 13920 --- [main] o.hibernate.jpa.internal.util.LogHelper  : HHH000204: Processing PersistenceUnitInfo [name: default]
2022-08-30 14:32:42.787  INFO 13920 --- [main] org.hibernate.Version                    : HHH000412: Hibernate ORM core version 5.6.10.Final
2022-08-30 14:32:42.965  INFO 13920 --- [main] o.hibernate.annotations.common.Version   : HCANN000001: Hibernate Commons Annotations {5.1.2.Final}
2022-08-30 14:32:43.070  INFO 13920 --- [main] org.hibernate.dialect.Dialect            : HHH000400: Using dialect: org.hibernate.dialect.H2Dialect
2022-08-30 14:32:43.567  INFO 13920 --- [main] o.h.e.t.j.p.i.JtaPlatformInitiator       : HHH000490: Using JtaPlatform implementation: [org.hibernate.engine.transaction.jta.platform.internal.NoJtaPlatform]
2022-08-30 14:32:43.579  INFO 13920 --- [main] j.LocalContainerEntityManagerFactoryBean : Initialized JPA EntityManagerFactory for persistence unit 'default'
2022-08-30 14:32:43.999  WARN 13920 --- [main] JpaBaseConfiguration$JpaWebConfiguration : spring.jpa.open-in-view is enabled by default. Therefore, database queries may be performed during view rendering. Explicitly configure spring.jpa.open-in-view to disable this warning
2022-08-30 14:32:44.436  INFO 13920 --- [main] o.s.b.w.embedded.tomcat.TomcatWebServer  : Tomcat started on port(s): 8080 (http) with context path ''
2022-08-30 14:32:44.449  INFO 13920 --- [main] c.e.personapp.PersonAppApplication       : Started PersonAppApplication in 4.804 seconds (JVM running for 6.689)
2022-08-30 14:33:48.728  INFO 13920 --- [http-nio-8080-exec-1] o.a.c.c.C.[Tomcat].[localhost].[/]       : Initializing Spring DispatcherServlet 'dispatcherServlet'
2022-08-30 14:33:48.729  INFO 13920 --- [http-nio-8080-exec-1] o.s.web.servlet.DispatcherServlet        : Initializing Servlet 'dispatcherServlet'
2022-08-30 14:33:48.730  INFO 13920 --- [http-nio-8080-exec-1] o.s.web.servlet.DispatcherServlet        : Completed initialization in 1 ms
2022-08-30 14:42:29.297  INFO 13920 --- [http-nio-8080-exec-5] c.e.personapp.service.PersonService      : Person with personal ID: 196209-564511 and date of birth: 1995-06-15 was found! 
2022-08-30 14:46:46.603  INFO 13920 --- [http-nio-8080-exec-8] c.e.personapp.service.PersonService      : Person with personal ID: 196209-564511 and date of birth: 1995-06-15 was found! 
2022-08-30 14:48:34.250  INFO 13920 --- [http-nio-8080-exec-1] c.e.personapp.service.PersonService      : Person with personal ID: 196209-564511 and date of birth: 1995-06-15 was found! 
2022-08-30 14:50:05.747  INFO 13920 --- [http-nio-8080-exec-4] c.e.personapp.service.PersonService      : Person with personal ID: 196209-564511 and date of birth: 1995-06-15 was found! 
2022-08-30 14:51:15.987  INFO 13920 --- [http-nio-8080-exec-7] c.e.personapp.service.PersonService      : Person with personal ID: 196209-564511 and date of birth: 1995-06-15 was found! 
2022-08-30 15:13:41.626  WARN 13920 --- [http-nio-8080-exec-2] .w.s.m.s.DefaultHandlerExceptionResolver : Resolved [org.springframework.web.bind.MissingServletRequestParameterException: Required request parameter 'dateOfBirth' for method parameter type LocalDate is present but converted to null]
2022-08-30 15:13:49.349  WARN 13920 --- [http-nio-8080-exec-3] .w.s.m.s.DefaultHandlerExceptionResolver : Resolved [org.springframework.web.bind.MissingServletRequestParameterException: Required request parameter 'dateOfBirth' for method parameter type LocalDate is present but converted to null]
2022-08-30 15:13:52.288  WARN 13920 --- [http-nio-8080-exec-4] .w.s.m.s.DefaultHandlerExceptionResolver : Resolved [org.springframework.web.method.annotation.MethodArgumentTypeMismatchException: Failed to convert value of type 'java.lang.String' to required type 'java.time.LocalDate'; nested exception is org.springframework.core.convert.ConversionFailedException: Failed to convert from type [java.lang.String] to type [@org.springframework.web.bind.annotation.RequestParam @org.springframework.format.annotation.DateTimeFormat java.time.LocalDate] for value 'a'; nested exception is java.lang.IllegalArgumentException: Parse attempt failed for value [a]]
2022-08-30 15:14:13.384  INFO 13920 --- [http-nio-8080-exec-5] c.e.personapp.service.PersonService      : Person with personal ID: 196209-564511 and date of birth: 1995-06-15 was found! 
2022-08-30 15:15:45.399  WARN 13920 --- [http-nio-8080-exec-10] .w.s.m.s.DefaultHandlerExceptionResolver : Resolved [org.springframework.web.bind.MissingServletRequestParameterException: Required request parameter 'dateOfBirth' for method parameter type LocalDate is present but converted to null]
2022-08-30 15:15:47.620  WARN 13920 --- [http-nio-8080-exec-1] .w.s.m.s.DefaultHandlerExceptionResolver : Resolved [org.springframework.web.bind.MissingServletRequestParameterException: Required request parameter 'dateOfBirth' for method parameter type LocalDate is present but converted to null]
2022-08-30 15:15:50.636  WARN 13920 --- [http-nio-8080-exec-2] .w.s.m.s.DefaultHandlerExceptionResolver : Resolved [org.springframework.web.bind.MissingServletRequestParameterException: Required request parameter 'dateOfBirth' for method parameter type LocalDate is present but converted to null]
2022-08-30 15:15:53.484  WARN 13920 --- [http-nio-8080-exec-3] .w.s.m.s.DefaultHandlerExceptionResolver : Resolved [org.springframework.web.method.annotation.MethodArgumentTypeMismatchException: Failed to convert value of type 'java.lang.String' to required type 'java.time.LocalDate'; nested exception is org.springframework.core.convert.ConversionFailedException: Failed to convert from type [java.lang.String] to type [@org.springframework.web.bind.annotation.RequestParam @org.springframework.format.annotation.DateTimeFormat java.time.LocalDate] for value 'aa'; nested exception is java.lang.IllegalArgumentException: Parse attempt failed for value [aa]]
2022-08-30 15:25:02.547  WARN 13920 --- [http-nio-8080-exec-4] .w.s.m.s.DefaultHandlerExceptionResolver : Resolved [org.springframework.web.bind.MissingServletRequestParameterException: Required request parameter 'dateOfBirth' for method parameter type LocalDate is present but converted to null]
2022-08-30 15:25:22.003  WARN 13920 --- [http-nio-8080-exec-5] .w.s.m.s.DefaultHandlerExceptionResolver : Resolved [org.springframework.web.bind.MissingServletRequestParameterException: Required request parameter 'dateOfBirth' for method parameter type LocalDate is present but converted to null]
2022-08-30 15:25:23.171  WARN 13920 --- [http-nio-8080-exec-6] .w.s.m.s.DefaultHandlerExceptionResolver : Resolved [org.springframework.web.bind.MissingServletRequestParameterException: Required request parameter 'dateOfBirth' for method parameter type LocalDate is present but converted to null]
2022-08-30 15:25:31.024  WARN 13920 --- [http-nio-8080-exec-7] .w.s.m.s.DefaultHandlerExceptionResolver : Resolved [org.springframework.web.method.annotation.MethodArgumentTypeMismatchException: Failed to convert value of type 'java.lang.String' to required type 'java.time.LocalDate'; nested exception is org.springframework.core.convert.ConversionFailedException: Failed to convert from type [java.lang.String] to type [@org.springframework.web.bind.annotation.RequestParam @org.springframework.format.annotation.DateTimeFormat java.time.LocalDate] for value 'aaa'; nested exception is java.lang.IllegalArgumentException: Parse attempt failed for value [aaa]]
2022-08-30 15:26:05.474  INFO 13920 --- [http-nio-8080-exec-8] c.e.personapp.service.PersonService      : Person with personal ID: 196209-564511 and date of birth: 1995-06-15 was found! 
2022-08-30 15:38:08.566  WARN 13920 --- [http-nio-8080-exec-8] .w.s.m.s.DefaultHandlerExceptionResolver : Resolved [org.springframework.web.bind.MissingServletRequestParameterException: Required request parameter 'dateOfBirth' for method parameter type LocalDate is present but converted to null]
2022-08-30 15:38:12.731  WARN 13920 --- [http-nio-8080-exec-9] .w.s.m.s.DefaultHandlerExceptionResolver : Resolved [org.springframework.web.bind.MissingServletRequestParameterException: Required request parameter 'dateOfBirth' for method parameter type LocalDate is present but converted to null]
2022-08-30 15:38:13.649  WARN 13920 --- [http-nio-8080-exec-10] .w.s.m.s.DefaultHandlerExceptionResolver : Resolved [org.springframework.web.bind.MissingServletRequestParameterException: Required request parameter 'dateOfBirth' for method parameter type LocalDate is present but converted to null]
2022-08-30 15:40:28.069  WARN 13920 --- [http-nio-8080-exec-1] .w.s.m.s.DefaultHandlerExceptionResolver : Resolved [org.springframework.web.bind.MissingServletRequestParameterException: Required request parameter 'dateOfBirth' for method parameter type LocalDate is present but converted to null]
2022-08-30 15:40:31.994  WARN 13920 --- [http-nio-8080-exec-2] .w.s.m.s.DefaultHandlerExceptionResolver : Resolved [org.springframework.web.bind.MissingServletRequestParameterException: Required request parameter 'dateOfBirth' for method parameter type LocalDate is present but converted to null]
2022-08-30 15:41:54.444  WARN 13920 --- [http-nio-8080-exec-3] .w.s.m.s.DefaultHandlerExceptionResolver : Resolved [org.springframework.web.bind.MissingServletRequestParameterException: Required request parameter 'dateOfBirth' for method parameter type LocalDate is present but converted to null]
2022-08-30 15:41:56.041  WARN 13920 --- [http-nio-8080-exec-4] .w.s.m.s.DefaultHandlerExceptionResolver : Resolved [org.springframework.web.bind.MissingServletRequestParameterException: Required request parameter 'dateOfBirth' for method parameter type LocalDate is present but converted to null]
2022-08-30 15:45:04.777  WARN 13920 --- [http-nio-8080-exec-5] .w.s.m.s.DefaultHandlerExceptionResolver : Resolved [org.springframework.web.bind.MissingServletRequestParameterException: Required request parameter 'dateOfBirth' for method parameter type LocalDate is present but converted to null]
2022-08-30 15:51:22.321  WARN 13920 --- [http-nio-8080-exec-6] .w.s.m.s.DefaultHandlerExceptionResolver : Resolved [org.springframework.web.bind.MissingServletRequestParameterException: Required request parameter 'dateOfBirth' for method parameter type LocalDate is present but converted to null]
2022-08-30 16:08:17.966  INFO 13920 --- [http-nio-8080-exec-1] o.apache.coyote.http11.Http11Processor   : Error parsing HTTP request header
 Note: further occurrences of HTTP request parsing errors will be logged at DEBUG level.

java.lang.IllegalArgumentException: Invalid character found in the request target [/index.php?s=/Index/\think\app/invokefunction&function=call_user_func_array&vars[0]=md5&vars[1][]=HelloThinkPHP21 ]. The valid characters are defined in RFC 7230 and RFC 3986
	at org.apache.coyote.http11.Http11InputBuffer.parseRequestLine(Http11InputBuffer.java:494) ~[tomcat-embed-core-9.0.65.jar:9.0.65]
	at org.apache.coyote.http11.Http11Processor.service(Http11Processor.java:271) ~[tomcat-embed-core-9.0.65.jar:9.0.65]
	at org.apache.coyote.AbstractProcessorLight.process(AbstractProcessorLight.java:65) ~[tomcat-embed-core-9.0.65.jar:9.0.65]
	at org.apache.coyote.AbstractProtocol$ConnectionHandler.process(AbstractProtocol.java:890) ~[tomcat-embed-core-9.0.65.jar:9.0.65]
	at org.apache.tomcat.util.net.NioEndpoint$SocketProcessor.doRun(NioEndpoint.java:1789) ~[tomcat-embed-core-9.0.65.jar:9.0.65]
	at org.apache.tomcat.util.net.SocketProcessorBase.run(SocketProcessorBase.java:49) ~[tomcat-embed-core-9.0.65.jar:9.0.65]
	at org.apache.tomcat.util.threads.ThreadPoolExecutor.runWorker(ThreadPoolExecutor.java:1191) ~[tomcat-embed-core-9.0.65.jar:9.0.65]
	at org.apache.tomcat.util.threads.ThreadPoolExecutor$Worker.run(ThreadPoolExecutor.java:659) ~[tomcat-embed-core-9.0.65.jar:9.0.65]
	at org.apache.tomcat.util.threads.TaskThread$WrappingRunnable.run(TaskThread.java:61) ~[tomcat-embed-core-9.0.65.jar:9.0.65]
	at java.base/java.lang.Thread.run(Thread.java:833) ~[na:na]

2022-08-30 16:34:06.223  WARN 13920 --- [http-nio-8080-exec-10] .w.s.m.s.DefaultHandlerExceptionResolver : Resolved [org.springframework.web.bind.MissingServletRequestParameterException: Required request parameter 'dateOfBirth' for method parameter type LocalDate is present but converted to null]
2022-08-30 16:34:08.477  WARN 13920 --- [http-nio-8080-exec-1] .w.s.m.s.DefaultHandlerExceptionResolver : Resolved [org.springframework.web.bind.MissingServletRequestParameterException: Required request parameter 'dateOfBirth' for method parameter type LocalDate is present but converted to null]
2022-08-30 16:34:29.130  INFO 13920 --- [http-nio-8080-exec-2] c.e.personapp.service.PersonService      : Person with personal ID: 196209-564511 and date of birth: 1995-06-15 was found! 
2022-08-30 16:35:45.391  WARN 13920 --- [http-nio-8080-exec-6] .w.s.m.s.DefaultHandlerExceptionResolver : Resolved [org.springframework.web.bind.MissingServletRequestParameterException: Required request parameter 'dateOfBirth' for method parameter type LocalDate is present but converted to null]
2022-08-30 16:36:30.238  WARN 13920 --- [http-nio-8080-exec-7] .w.s.m.s.DefaultHandlerExceptionResolver : Resolved [org.springframework.web.method.annotation.MethodArgumentTypeMismatchException: Failed to convert value of type 'java.lang.String' to required type 'java.time.LocalDate'; nested exception is org.springframework.core.convert.ConversionFailedException: Failed to convert from type [java.lang.String] to type [@org.springframework.web.bind.annotation.RequestParam @org.springframework.format.annotation.DateTimeFormat java.time.LocalDate] for value 'aa'; nested exception is java.lang.IllegalArgumentException: Parse attempt failed for value [aa]]
2022-08-30 16:37:23.437  WARN 13920 --- [http-nio-8080-exec-8] .w.s.m.s.DefaultHandlerExceptionResolver : Resolved [org.springframework.web.bind.MissingServletRequestParameterException: Required request parameter 'dateOfBirth' for method parameter type LocalDate is present but converted to null]
2022-08-30 16:40:24.817  WARN 13920 --- [http-nio-8080-exec-10] .w.s.m.s.DefaultHandlerExceptionResolver : Resolved [org.springframework.web.bind.MissingServletRequestParameterException: Required request parameter 'dateOfBirth' for method parameter type LocalDate is present but converted to null]
2022-08-30 19:55:26.371  WARN 13920 --- [http-nio-8080-exec-9] .w.s.m.s.DefaultHandlerExceptionResolver : Resolved [org.springframework.web.bind.MissingServletRequestParameterException: Required request parameter 'dateOfBirth' for method parameter type LocalDate is present but converted to null]
2022-08-30 19:57:51.838  INFO 13920 --- [http-nio-8080-exec-1] c.e.personapp.service.PersonService      : Person with personal ID: 852973-593341 and date of birth: 1988-09-13 was found! 
2022-08-30 20:02:25.995  INFO 13920 --- [SpringApplicationShutdownHook] j.LocalContainerEntityManagerFactoryBean : Closing JPA EntityManagerFactory for persistence unit 'default'
2022-08-30 20:02:26.002  INFO 13920 --- [SpringApplicationShutdownHook] com.zaxxer.hikari.HikariDataSource       : HikariPool-1 - Shutdown initiated...
2022-08-30 20:02:26.006  INFO 13920 --- [SpringApplicationShutdownHook] com.zaxxer.hikari.HikariDataSource       : HikariPool-1 - Shutdown completed.
2022-08-30 20:05:09.781  INFO 19604 --- [main] c.e.personapp.PersonAppApplication       : Starting PersonAppApplication using Java 17.0.2 on DESKTOP-L4TEEFJ with PID 19604 (D:\Ilga\HomeTasks\target\classes started by ILGA in D:\Ilga\HomeTasks)
2022-08-30 20:05:09.785  INFO 19604 --- [main] c.e.personapp.PersonAppApplication       : No active profile set, falling back to 1 default profile: "default"
2022-08-30 20:05:10.484  INFO 19604 --- [main] .s.d.r.c.RepositoryConfigurationDelegate : Bootstrapping Spring Data JPA repositories in DEFAULT mode.
2022-08-30 20:05:10.532  INFO 19604 --- [main] .s.d.r.c.RepositoryConfigurationDelegate : Finished Spring Data repository scanning in 40 ms. Found 1 JPA repository interfaces.
2022-08-30 20:05:11.040  INFO 19604 --- [main] o.s.b.w.embedded.tomcat.TomcatWebServer  : Tomcat initialized with port(s): 8080 (http)
2022-08-30 20:05:11.048  INFO 19604 --- [main] o.apache.catalina.core.StandardService   : Starting service [Tomcat]
2022-08-30 20:05:11.048  INFO 19604 --- [main] org.apache.catalina.core.StandardEngine  : Starting Servlet engine: [Apache Tomcat/9.0.65]
2022-08-30 20:05:11.179  INFO 19604 --- [main] o.a.c.c.C.[Tomcat].[localhost].[/]       : Initializing Spring embedded WebApplicationContext
2022-08-30 20:05:11.180  INFO 19604 --- [main] w.s.c.ServletWebServerApplicationContext : Root WebApplicationContext: initialization completed in 1307 ms
2022-08-30 20:05:11.208  INFO 19604 --- [main] com.zaxxer.hikari.HikariDataSource       : HikariPool-1 - Starting...
2022-08-30 20:05:11.318  INFO 19604 --- [main] com.zaxxer.hikari.HikariDataSource       : HikariPool-1 - Start completed.
2022-08-30 20:05:11.343  INFO 19604 --- [main] o.s.b.a.h2.H2ConsoleAutoConfiguration    : H2 console available at '/h2-console'. Database available at 'jdbc:h2:mem:mydb'
2022-08-30 20:05:11.587  INFO 19604 --- [main] liquibase.database                       : Set default schema name to PUBLIC
2022-08-30 20:05:11.754  INFO 19604 --- [main] liquibase.lockservice                    : Successfully acquired change log lock
2022-08-30 20:05:11.917  INFO 19604 --- [main] liquibase.changelog                      : Creating database history table with name: PUBLIC.DATABASECHANGELOG
2022-08-30 20:05:11.923  INFO 19604 --- [main] liquibase.changelog                      : Reading from PUBLIC.DATABASECHANGELOG
2022-08-30 20:05:12.011  INFO 19604 --- [main] liquibase.changelog                      : Custom SQL executed
2022-08-30 20:05:12.011  INFO 19604 --- [main] liquibase.changelog                      : ChangeSet db/changelog/changes/create-table-person.sql::1::ilga ran successfully in 22ms
2022-08-30 20:05:12.040  INFO 19604 --- [main] liquibase.changelog                      : Custom SQL executed
2022-08-30 20:05:12.041  INFO 19604 --- [main] liquibase.changelog                      : ChangeSet db/changelog/changes/create-table-person.sql::2::ilga ran successfully in 6ms
2022-08-30 20:05:12.044  INFO 19604 --- [main] liquibase.lockservice                    : Successfully released change log lock
2022-08-30 20:05:12.163  INFO 19604 --- [main] o.hibernate.jpa.internal.util.LogHelper  : HHH000204: Processing PersistenceUnitInfo [name: default]
2022-08-30 20:05:12.210  INFO 19604 --- [main] org.hibernate.Version                    : HHH000412: Hibernate ORM core version 5.6.10.Final
2022-08-30 20:05:12.343  INFO 19604 --- [main] o.hibernate.annotations.common.Version   : HCANN000001: Hibernate Commons Annotations {5.1.2.Final}
2022-08-30 20:05:12.435  INFO 19604 --- [main] org.hibernate.dialect.Dialect            : HHH000400: Using dialect: org.hibernate.dialect.H2Dialect
2022-08-30 20:05:12.841  INFO 19604 --- [main] o.h.e.t.j.p.i.JtaPlatformInitiator       : HHH000490: Using JtaPlatform implementation: [org.hibernate.engine.transaction.jta.platform.internal.NoJtaPlatform]
2022-08-30 20:05:12.849  INFO 19604 --- [main] j.LocalContainerEntityManagerFactoryBean : Initialized JPA EntityManagerFactory for persistence unit 'default'
2022-08-30 20:05:13.160  WARN 19604 --- [main] JpaBaseConfiguration$JpaWebConfiguration : spring.jpa.open-in-view is enabled by default. Therefore, database queries may be performed during view rendering. Explicitly configure spring.jpa.open-in-view to disable this warning
2022-08-30 20:05:13.473  INFO 19604 --- [main] o.s.b.w.embedded.tomcat.TomcatWebServer  : Tomcat started on port(s): 8080 (http) with context path ''
2022-08-30 20:05:13.484  INFO 19604 --- [main] c.e.personapp.PersonAppApplication       : Started PersonAppApplication in 4.225 seconds (JVM running for 5.094)
2022-08-30 20:05:54.241  INFO 19604 --- [http-nio-8080-exec-2] o.a.c.c.C.[Tomcat].[localhost].[/]       : Initializing Spring DispatcherServlet 'dispatcherServlet'
2022-08-30 20:05:54.242  INFO 19604 --- [http-nio-8080-exec-2] o.s.web.servlet.DispatcherServlet        : Initializing Servlet 'dispatcherServlet'
2022-08-30 20:05:54.243  INFO 19604 --- [http-nio-8080-exec-2] o.s.web.servlet.DispatcherServlet        : Completed initialization in 1 ms
2022-08-30 20:05:54.384  INFO 19604 --- [http-nio-8080-exec-2] c.e.personapp.service.PersonService      : Person with personal ID: 852973-593341 and date of birth: 1988-09-13 was found! 
2022-08-30 20:06:00.319  WARN 19604 --- [http-nio-8080-exec-3] .w.s.m.s.DefaultHandlerExceptionResolver : Resolved [org.springframework.web.bind.MissingServletRequestParameterException: Required request parameter 'dateOfBirth' for method parameter type LocalDate is present but converted to null]
2022-08-30 20:06:22.904  INFO 19604 --- [http-nio-8080-exec-4] c.e.personapp.service.PersonService      : Person with personal ID: 852973-593341 and date of birth: 1988-09-13 was found! 
2022-08-30 20:07:44.376  INFO 19604 --- [http-nio-8080-exec-7] c.e.personapp.service.PersonService      : Person with personal ID: 852973-593341 and date of birth: 1988-09-13 was found! 
2022-08-30 20:08:45.375  INFO 19604 --- [http-nio-8080-exec-9] c.e.personapp.service.PersonService      : Person with personal ID: 852973-593341 and date of birth: 1988-09-13 was found! 
2022-08-30 20:09:58.742  INFO 19604 --- [http-nio-8080-exec-1] c.e.personapp.service.PersonService      : Person with personal ID: 852973-593341 and date of birth: 1988-09-13 was found! 
2022-08-30 20:10:32.286  INFO 19604 --- [http-nio-8080-exec-2] c.e.personapp.service.PersonService      : Person with personal ID: 852973-593341 and date of birth: 1988-09-13 was found! 
2022-08-30 20:11:24.653  INFO 19604 --- [http-nio-8080-exec-3] c.e.personapp.service.PersonService      : Person with personal ID: 852973-593341 and date of birth: 1988-09-13 was found! 
2022-08-30 20:12:49.830  INFO 19604 --- [http-nio-8080-exec-5] c.e.personapp.service.PersonService      : Person with personal ID: 852973-593341 and date of birth: 1988-09-13 was found! 
2022-08-30 20:15:00.748  INFO 19604 --- [http-nio-8080-exec-7] c.e.personapp.service.PersonService      : Person with personal ID: 852973-593341 and date of birth: 1988-09-13 was found! 
2022-08-30 20:16:05.539  INFO 19604 --- [http-nio-8080-exec-9] c.e.personapp.service.PersonService      : Person with personal ID: 852973-593341 and date of birth: 1988-09-13 was found! 
2022-08-30 20:17:25.731  INFO 19604 --- [http-nio-8080-exec-1] c.e.personapp.service.PersonService      : Person with personal ID: 852973-593341 and date of birth: 1988-09-13 was found! 
2022-08-30 20:37:37.118  INFO 19604 --- [SpringApplicationShutdownHook] j.LocalContainerEntityManagerFactoryBean : Closing JPA EntityManagerFactory for persistence unit 'default'
2022-08-30 20:37:37.120  INFO 19604 --- [SpringApplicationShutdownHook] com.zaxxer.hikari.HikariDataSource       : HikariPool-1 - Shutdown initiated...
2022-08-30 20:37:37.122  INFO 19604 --- [SpringApplicationShutdownHook] com.zaxxer.hikari.HikariDataSource       : HikariPool-1 - Shutdown completed.
